<?xml version="1.0" encoding="UTF-8"?>
<!-- Generated by org.testng.reporters.JUnitXMLReporter -->
<testsuite hostname="DESKTOP-TP18Q4P" ignored="2" name="Test" tests="2" failures="0" timestamp="12 May 2020 14:09:08 GMT" time="0.07" errors="0">
  <testcase name="endToE" time="0.025" classname="appium.Pawan"/>
  <testcase name="repo" time="0.011" classname="appium.ReportUsingBase"/>
  <testcase name="@AfterSuite endReport" time="0.0" classname="appium.Base_Class">
    <ignored/>
  </testcase> <!-- @AfterSuite endReport -->
  <testcase name="@BeforeSuite startReport" time="0.0" classname="appium.Base_Class">
    <ignored/>
  </testcase> <!-- @BeforeSuite startReport -->
</testsuite> <!-- Test -->
