<?xml version="1.0" encoding="UTF-8"?>
<testng-results skipped="0" failed="0" ignored="0" total="1" passed="1">
  <reporter-output>
  </reporter-output>
  <suite name="Default suite" duration-ms="32640" started-at="2020-05-19T12:32:13Z" finished-at="2020-05-19T12:32:45Z">
    <groups>
    </groups>
    <test name="Default test" duration-ms="32640" started-at="2020-05-19T12:32:13Z" finished-at="2020-05-19T12:32:45Z">
      <class name="tests.CapturingScreenshots">
        <test-method status="PASS" signature="screenshot()[pri:0, instance:tests.CapturingScreenshots@35ef1869]" name="screenshot" duration-ms="32613" started-at="2020-05-19T12:32:13Z" finished-at="2020-05-19T12:32:45Z">
          <reporter-output>
          </reporter-output>
        </test-method> <!-- screenshot -->
      </class> <!-- tests.CapturingScreenshots -->
    </test> <!-- Default test -->
  </suite> <!-- Default suite -->
</testng-results>
